Machine model: Mac16,6
OS version: 24F74
Boot arguments: 
Boot time: Fri Sep 26 05:52:25 2025



*** Sampled system activity (Sat Nov  8 15:54:21 2025 +0900) (5021.96ms elapsed) ***

*** Running tasks ***

Name                               ID     CPU ms/s  User%  Deadlines (<2 ms, 2-5 ms)  Wakeups (Intr, Pkg idle)
DEAD_TASKS                         -1     323.32    32.03  81.64   0.40               83.04   0.00              
iTerm2                             24739  250.43    78.27  0.20    0.00               171.69  0.00              
plugin-container                   90863  65.60     93.39  0.00    0.80               6.37    0.00              
plugin-container                   9721   952.47    96.91  0.00    0.00               5.37    0.00              
tmux                               49368  8.45      31.10  0.20    0.00               7.96    0.00              
powermetrics                       83550  6.14      4.52   0.00    0.00               0.20    0.00              
coreaudiod                         170    91.32     94.08  0.00    0.00               93.71   0.00              
kernel_task                        0      105.81    0.00   265.00  2.59               686.38  0.00              
WindowServer                       155    65.99     44.11  17.91   13.93              165.13  0.00              
plugin-container                   17958  55.56     80.63  0.20    0.00               7.36    0.00              
plugin-container                   63117  34.29     49.92  3.58    6.57               53.32   0.00              
launchd                            1      34.79     2.05   0.00    0.00               0.20    0.00              
mdworker_shared                    83585  21.66     69.52  0.00    0.00               0.00    0.00              
firefox                            90815  28.91     46.41  0.20    0.00               6.96    0.00              
sysmond                            358    23.26     19.70  0.00    0.00               0.20    0.00              
bluetoothd                         148    27.12     68.35  0.00    0.00               0.60    0.00              
notifyd                            149    1.79      53.34  0.00    0.00               0.00    0.00              
ALL_TASKS                          -2     2421.75   70.51  439.67  27.88              1893.28 0.00              


**** Battery and backlight usage ****

Battery: percent_charge: 36


**** Network activity ****

out: 57.75 packets/s, 4586.65 bytes/s
in:  86.02 packets/s, 113827.21 bytes/s


**** Disk activity ****

read: 8.56 ops/s 45.67 KBytes/s
write: 73.88 ops/s 2070.85 KBytes/s

****  Interrupt distribution ****

CPU 0:
	Total IRQ: 2977.12 interrupts/sec
	|-> IPI: 2232.79 interrupts/sec
	|-> TIMER: 547.20 interrupts/sec
CPU 1:
	Total IRQ: 2685.60 interrupts/sec
	|-> IPI: 2072.89 interrupts/sec
	|-> TIMER: 504.58 interrupts/sec
CPU 2:
	Total IRQ: 2019.13 interrupts/sec
	|-> IPI: 1532.47 interrupts/sec
	|-> TIMER: 391.68 interrupts/sec
CPU 3:
	Total IRQ: 1744.14 interrupts/sec
	|-> IPI: 1295.11 interrupts/sec
	|-> TIMER: 366.39 interrupts/sec
CPU 4:
	Total IRQ: 13.94 interrupts/sec
	|-> IPI: 15.13 interrupts/sec
	|-> TIMER: 1.59 interrupts/sec
CPU 5:
	Total IRQ: 51.18 interrupts/sec
	|-> IPI: 40.02 interrupts/sec
	|-> TIMER: 13.94 interrupts/sec
CPU 6:
	Total IRQ: 8.76 interrupts/sec
	|-> IPI: 11.35 interrupts/sec
	|-> TIMER: 0.20 interrupts/sec
CPU 7:
	Total IRQ: 29.27 interrupts/sec
	|-> IPI: 30.07 interrupts/sec
	|-> TIMER: 1.99 interrupts/sec
CPU 8:
	Total IRQ: 44.40 interrupts/sec
	|-> IPI: 38.23 interrupts/sec
	|-> TIMER: 8.96 interrupts/sec
CPU 9:
	Total IRQ: 361.01 interrupts/sec
	|-> IPI: 272.20 interrupts/sec
	|-> TIMER: 91.20 interrupts/sec
CPU 10:
	Total IRQ: 411.59 interrupts/sec
	|-> IPI: 321.99 interrupts/sec
	|-> TIMER: 93.59 interrupts/sec
CPU 11:
	Total IRQ: 291.92 interrupts/sec
	|-> IPI: 245.72 interrupts/sec
	|-> TIMER: 49.98 interrupts/sec
CPU 12:
	Total IRQ: 312.63 interrupts/sec
	|-> IPI: 220.43 interrupts/sec
	|-> TIMER: 95.78 interrupts/sec
CPU 13:
	Total IRQ: 275.79 interrupts/sec
	|-> IPI: 206.89 interrupts/sec
	|-> TIMER: 72.68 interrupts/sec



**** Processor usage ****

E-Cluster Online: 100%
E-Cluster HW active frequency: 1293 MHz
E-Cluster HW active residency: 100.00% (1020 MHz:  75% 1404 MHz: 3.5% 1788 MHz: 5.1% 2112 MHz: 5.0% 2352 MHz: 5.0% 2532 MHz: 2.5% 2592 MHz: 3.9%)
E-Cluster idle residency:   0.00%
E-Cluster down residency:   0.00%
CPU 0 frequency: 1338 MHz
CPU 0 active residency:  55.11% (1020 MHz:  39% 1404 MHz: 2.2% 1788 MHz: 3.2% 2112 MHz: 3.2% 2352 MHz: 3.4% 2532 MHz: 1.7% 2592 MHz: 2.3%)
CPU 0 idle residency:  44.89%
CPU 0 down residency:   0.00%
CPU 1 frequency: 1364 MHz
CPU 1 active residency:  50.11% (1020 MHz:  34% 1404 MHz: 2.3% 1788 MHz: 3.4% 2112 MHz: 3.2% 2352 MHz: 3.2% 2532 MHz: 1.7% 2592 MHz: 2.2%)
CPU 1 idle residency:  49.89%
CPU 1 down residency:   0.00%
CPU 2 frequency: 1324 MHz
CPU 2 active residency:  54.07% (1020 MHz:  39% 1404 MHz: 2.0% 1788 MHz: 3.2% 2112 MHz: 3.1% 2352 MHz: 3.3% 2532 MHz: 1.7% 2592 MHz: 1.8%)
CPU 2 idle residency:  45.93%
CPU 2 down residency:   0.00%
CPU 3 frequency: 1352 MHz
CPU 3 active residency:  46.61% (1020 MHz:  33% 1404 MHz: 1.9% 1788 MHz: 2.7% 2112 MHz: 2.9% 2352 MHz: 3.3% 2532 MHz: 1.7% 2592 MHz: 1.6%)
CPU 3 idle residency:  53.39%
CPU 3 down residency:   0.00%

P0-Cluster Online: 14%
P0-Cluster HW active frequency: 2507 MHz
P0-Cluster HW active residency:   5.88% (1260 MHz: 2.6% 1512 MHz: .29% 1800 MHz: .19% 2088 MHz: .07% 2352 MHz: .01% 2616 MHz: .17% 2868 MHz: .19% 3096 MHz: .21% 3300 MHz: .16% 3468 MHz: .13% 3624 MHz: .08% 3756 MHz: .05% 3828 MHz: .03% 3888 MHz: .04% 3948 MHz: .18% 3996 MHz: .09% 4044 MHz: .03% 4104 MHz: .10% 4416 MHz: .43% 4512 MHz: .80%)
P0-Cluster idle residency:   7.58%
P0-Cluster down residency:  86.53%
CPU 4 frequency: 4512 MHz
CPU 4 active residency:   0.03% (1260 MHz:   0% 1512 MHz:   0% 1800 MHz:   0% 2088 MHz:   0% 2352 MHz:   0% 2616 MHz:   0% 2868 MHz:   0% 3096 MHz:   0% 3300 MHz:   0% 3468 MHz:   0% 3624 MHz:   0% 3756 MHz:   0% 3828 MHz:   0% 3888 MHz:   0% 3948 MHz:   0% 3996 MHz:   0% 4044 MHz:   0% 4104 MHz:   0% 4416 MHz:   0% 4512 MHz: .03%)
CPU 4 idle residency:  13.18%
CPU 4 down residency:  86.79%
CPU 5 frequency: 4512 MHz
CPU 5 active residency:   0.01% (1260 MHz:   0% 1512 MHz:   0% 1800 MHz:   0% 2088 MHz:   0% 2352 MHz:   0% 2616 MHz:   0% 2868 MHz:   0% 3096 MHz:   0% 3300 MHz:   0% 3468 MHz:   0% 3624 MHz:   0% 3756 MHz:   0% 3828 MHz:   0% 3888 MHz:   0% 3948 MHz:   0% 3996 MHz:   0% 4044 MHz:   0% 4104 MHz:   0% 4416 MHz:   0% 4512 MHz: .01%)
CPU 5 idle residency:  12.57%
CPU 5 down residency:  87.42%
CPU 6 frequency: 4512 MHz
CPU 6 active residency:   0.00% (1260 MHz:   0% 1512 MHz:   0% 1800 MHz:   0% 2088 MHz:   0% 2352 MHz:   0% 2616 MHz:   0% 2868 MHz:   0% 3096 MHz:   0% 3300 MHz:   0% 3468 MHz:   0% 3624 MHz:   0% 3756 MHz:   0% 3828 MHz:   0% 3888 MHz:   0% 3948 MHz:   0% 3996 MHz:   0% 4044 MHz:   0% 4104 MHz:   0% 4416 MHz:   0% 4512 MHz: .00%)
CPU 6 idle residency:  13.34%
CPU 6 down residency:  86.66%
CPU 7 frequency: 0 MHz
CPU 7 active residency:   0.00% (1260 MHz:   0% 1512 MHz:   0% 1800 MHz:   0% 2088 MHz:   0% 2352 MHz:   0% 2616 MHz:   0% 2868 MHz:   0% 3096 MHz:   0% 3300 MHz:   0% 3468 MHz:   0% 3624 MHz:   0% 3756 MHz:   0% 3828 MHz:   0% 3888 MHz:   0% 3948 MHz:   0% 3996 MHz:   0% 4044 MHz:   0% 4104 MHz:   0% 4416 MHz:   0% 4512 MHz:   0%)
CPU 7 idle residency:  12.67%
CPU 7 down residency:  87.33%
CPU 8 frequency: 4512 MHz
CPU 8 active residency:   0.19% (1260 MHz:   0% 1512 MHz:   0% 1800 MHz:   0% 2088 MHz:   0% 2352 MHz:   0% 2616 MHz:   0% 2868 MHz:   0% 3096 MHz:   0% 3300 MHz:   0% 3468 MHz:   0% 3624 MHz:   0% 3756 MHz:   0% 3828 MHz:   0% 3888 MHz:   0% 3948 MHz:   0% 3996 MHz:   0% 4044 MHz:   0% 4104 MHz:   0% 4416 MHz:   0% 4512 MHz: .19%)
CPU 8 idle residency:  12.21%
CPU 8 down residency:  87.61%

P1-Cluster HW active frequency: 2316 MHz
P1-Cluster HW active residency:  35.43% (1260 MHz:  11% 1512 MHz: 3.4% 1800 MHz: 5.0% 2088 MHz: 2.3% 2352 MHz: 1.7% 2616 MHz: 1.6% 2868 MHz: 1.2% 3096 MHz: 1.4% 3300 MHz: .75% 3468 MHz: .51% 3624 MHz: .33% 3756 MHz: .25% 3828 MHz: .16% 3888 MHz: .61% 3948 MHz: 1.3% 3996 MHz: .16% 4044 MHz: .09% 4104 MHz: .28% 4416 MHz: .91% 4512 MHz: 2.9%)
P1-Cluster idle residency:  45.52%
P1-Cluster down residency:  19.04%
CPU 9 frequency: 2904 MHz
CPU 9 active residency:  35.50% (1260 MHz: .95% 1512 MHz: 3.4% 1800 MHz: 4.7% 2088 MHz: 3.7% 2352 MHz: 2.9% 2616 MHz: 2.9% 2868 MHz: 1.9% 3096 MHz: 1.9% 3300 MHz: 1.4% 3468 MHz: 1.0% 3624 MHz: .88% 3756 MHz: .40% 3828 MHz: .24% 3888 MHz: .14% 3948 MHz: .13% 3996 MHz: .20% 4044 MHz: .23% 4104 MHz: .49% 4416 MHz: .80% 4512 MHz: 7.3%)
CPU 9 idle residency:  50.84%
CPU 9 down residency:  13.66%
CPU 10 frequency: 3068 MHz
CPU 10 active residency:  31.16% (1260 MHz: .81% 1512 MHz: 2.9% 1800 MHz: 3.5% 2088 MHz: 2.4% 2352 MHz: 1.9% 2616 MHz: 2.1% 2868 MHz: 1.7% 3096 MHz: 1.7% 3300 MHz: 1.4% 3468 MHz: .94% 3624 MHz: 1.1% 3756 MHz: .58% 3828 MHz: .37% 3888 MHz: .22% 3948 MHz: .26% 3996 MHz: .19% 4044 MHz: .19% 4104 MHz: .36% 4416 MHz: .57% 4512 MHz: 7.9%)
CPU 10 idle residency:  54.52%
CPU 10 down residency:  14.32%
CPU 11 frequency: 3256 MHz
CPU 11 active residency:  30.48% (1260 MHz: .58% 1512 MHz: 1.9% 1800 MHz: 3.0% 2088 MHz: 2.1% 2352 MHz: 1.8% 2616 MHz: 2.0% 2868 MHz: 1.5% 3096 MHz: 1.4% 3300 MHz: 1.3% 3468 MHz: .95% 3624 MHz: .92% 3756 MHz: .64% 3828 MHz: .49% 3888 MHz: .35% 3948 MHz: .48% 3996 MHz: .19% 4044 MHz: .29% 4104 MHz: .65% 4416 MHz: .84% 4512 MHz: 9.0%)
CPU 11 idle residency:  55.49%
CPU 11 down residency:  14.02%
CPU 12 frequency: 2910 MHz
CPU 12 active residency:  39.84% (1260 MHz: .88% 1512 MHz: 3.5% 1800 MHz: 5.6% 2088 MHz: 4.2% 2352 MHz: 3.0% 2616 MHz: 3.0% 2868 MHz: 2.3% 3096 MHz: 2.0% 3300 MHz: 1.6% 3468 MHz: 1.4% 3624 MHz: 1.3% 3756 MHz: .80% 3828 MHz: .58% 3888 MHz: .31% 3948 MHz: .35% 3996 MHz: .17% 4044 MHz: .20% 4104 MHz: .36% 4416 MHz: .35% 4512 MHz: 8.0%)
CPU 12 idle residency:  47.40%
CPU 12 down residency:  12.76%
CPU 13 frequency: 3251 MHz
CPU 13 active residency:  28.42% (1260 MHz: .61% 1512 MHz: 1.8% 1800 MHz: 2.9% 2088 MHz: 2.2% 2352 MHz: 1.9% 2616 MHz: 2.1% 2868 MHz: 1.4% 3096 MHz: 1.2% 3300 MHz: 1.0% 3468 MHz: .46% 3624 MHz: .51% 3756 MHz: .26% 3828 MHz: .28% 3888 MHz: .06% 3948 MHz: .17% 3996 MHz: .24% 4044 MHz: .25% 4104 MHz: .65% 4416 MHz: .69% 4512 MHz: 9.8%)
CPU 13 idle residency:  57.29%
CPU 13 down residency:  14.29%

CPU Power: 954 mW
GPU Power: 28 mW
ANE Power: 0 mW
Combined Power (CPU + GPU + ANE): 983 mW

**** GPU usage ****

GPU HW active frequency: 338 MHz
GPU HW active residency:   1.63% (338 MHz: 1.6% 618 MHz:   0% 796 MHz:   0% 924 MHz:   0% 952 MHz:   0% 1056 MHz:   0% 1062 MHz:   0% 1182 MHz:   0% 1182 MHz:   0% 1312 MHz:   0% 1242 MHz:   0% 1380 MHz:   0% 1326 MHz:   0% 1470 MHz:   0% 1578 MHz:   0%)
GPU SW requested state: (P1 : 100% P2 :   0% P3 :   0% P4 :   0% P5 :   0% P6 :   0% P7 :   0% P8 :   0% P9 :   0% P10 :   0% P11 :   0% P12 :   0% P13 :   0% P14 :   0% P15 :   0%)
GPU SW state: (SW_P1 : 1.6% SW_P2 :   0% SW_P3 :   0% SW_P4 :   0% SW_P5 :   0% SW_P6 :   0% SW_P7 :   0% SW_P8 :   0% SW_P9 :   0% SW_P10 :   0% SW_P11 :   0% SW_P12 :   0% SW_P13 :   0% SW_P14 :   0% SW_P15 :   0%)
GPU idle residency:  98.37%
GPU Power: 28 mW
